android/app/build/intermediates/manifest_merge_blame_file/debug/manifest-merger-blame-debug-report.txt
1<?xml version="1.0" encoding="utf-8"?>
2<manifest xmlns:android="http://schemas.android.com/apk/res/android"
3    package="com.example.mainactivity"
4    android:versionCode="1"
5    android:versionName="1.0" >
6
7    <uses-sdk
8        android:minSdkVersion="21"
8-->src/main/AndroidManifest.xml
9        android:targetSdkVersion="30" />
9-->src/main/AndroidManifest.xml
10
11    <uses-permission android:name="android.permission.WAKE_LOCK" />
11-->src/main/AndroidManifest.xml:4:5-68
11-->src/main/AndroidManifest.xml:4:22-65
12    <uses-permission android:name="android.permission.INTERNET" />
12-->src/main/AndroidManifest.xml:5:5-67
12-->src/main/AndroidManifest.xml:5:22-64
13    <uses-permission android:name="android.permission.ACCESS_NETWORK_STATE" />
13-->src/main/AndroidManifest.xml:6:5-79
13-->src/main/AndroidManifest.xml:6:22-76
14    <uses-permission android:name="android.permission.READ_PHONE_STATE" />
14-->src/main/AndroidManifest.xml:7:5-75
14-->src/main/AndroidManifest.xml:7:22-72
15
16    <application
16-->src/main/AndroidManifest.xml:9:5-32:19
17        android:allowBackup="true"
17-->src/main/AndroidManifest.xml:10:9-35
18        android:appComponentFactory="androidx.core.app.CoreComponentFactory"
18-->[androidx.core:core:1.3.1] AndroidManifest.xml:24:18-86
19        android:debuggable="true"
20        android:icon="@mipmap/ic_launcher"
20-->src/main/AndroidManifest.xml:11:9-43
21        android:label="@string/app_name"
21-->src/main/AndroidManifest.xml:12:9-41
22        android:roundIcon="@mipmap/ic_launcher_round"
22-->src/main/AndroidManifest.xml:13:9-54
23        android:supportsRtl="true"
23-->src/main/AndroidManifest.xml:14:9-35
24        android:testOnly="true"
25        android:theme="@style/Theme.MainActivity" >
25-->src/main/AndroidManifest.xml:15:9-50
26        <service
26-->src/main/AndroidManifest.xml:16:9-18:40
27            android:name="org.eclipse.paho.android.service.MqttService"
27-->src/main/AndroidManifest.xml:17:13-72
28            android:exported="false" />
28-->src/main/AndroidManifest.xml:18:13-37
29
30        <activity android:name="com.example.mainactivity.ControlCarActivity" />
30-->src/main/AndroidManifest.xml:19:9-65
30-->src/main/AndroidManifest.xml:19:19-53
31        <activity android:name="com.example.mainactivity.SettingsSupportActivity" />
31-->src/main/AndroidManifest.xml:20:9-61
31-->src/main/AndroidManifest.xml:20:19-58
32        <activity android:name="com.example.mainactivity.SettingsButtonActivity" />
32-->src/main/AndroidManifest.xml:21:9-60
32-->src/main/AndroidManifest.xml:21:19-57
33        <activity android:name="com.example.mainactivity.SettingsLanguageActivity" />
33-->src/main/AndroidManifest.xml:22:9-62
33-->src/main/AndroidManifest.xml:22:19-59
34        <activity android:name="com.example.mainactivity.SettingsActivity" />
34-->src/main/AndroidManifest.xml:23:9-54
34-->src/main/AndroidManifest.xml:23:19-51
35        <activity android:name="com.example.mainactivity.ConnectCarActivity" />
35-->src/main/AndroidManifest.xml:24:9-56
35-->src/main/AndroidManifest.xml:24:19-53
36        <activity android:name="com.example.mainactivity.MainActivity" >
36-->src/main/AndroidManifest.xml:25:9-31:20
36-->src/main/AndroidManifest.xml:25:19-47
37            <intent-filter>
37-->src/main/AndroidManifest.xml:26:13-30:29
38                <action android:name="android.intent.action.MAIN" />
38-->src/main/AndroidManifest.xml:27:17-69
38-->src/main/AndroidManifest.xml:27:25-66
39
40                <category android:name="android.intent.category.LAUNCHER" />
40-->src/main/AndroidManifest.xml:29:17-77
40-->src/main/AndroidManifest.xml:29:27-74
41            </intent-filter>
42        </activity>
43    </application>
44
45</manifest>